{"numTotalTestSuites":34,"numPassedTestSuites":34,"numFailedTestSuites":0,"numPendingTestSuites":0,"numTotalTests":51,"numPassedTests":51,"numFailedTests":0,"numPendingTests":0,"numTodoTests":0,"startTime":1719592542672,"success":true,"testResults":[{"assertionResults":[{"ancestorTitles":["","@hooks/useAuthentication"],"fullName":" @hooks/useAuthentication should return initial funcs correctly","status":"passed","title":"should return initial funcs correctly","duration":20,"failureMessages":[]},{"ancestorTitles":["","@hooks/useAuthentication","when it has no user authenticated"],"fullName":" @hooks/useAuthentication when it has no user authenticated should return initial props correctly","status":"passed","title":"should return initial props correctly","duration":3,"failureMessages":[]},{"ancestorTitles":["","@hooks/useAuthentication","when it has an authenticated user"],"fullName":" @hooks/useAuthentication when it has an authenticated user should return initial props correctly","status":"passed","title":"should return initial props correctly","duration":6,"failureMessages":[]}],"startTime":1719592547726,"endTime":1719592547756,"status":"passed","message":"","name":"D:/workspaces/javascript/react/connectlab/connectlab/src/hooks/__tests__/useAuthentication.test.js"},{"assertionResults":[{"ancestorTitles":["","@atom/Button"],"fullName":" @atom/Button should render button with children","status":"passed","title":"should render button with children","duration":66,"failureMessages":[]},{"ancestorTitles":["","@atom/Button"],"fullName":" @atom/Button should be disabled when disable=true","status":"passed","title":"should be disabled when disable=true","duration":10,"failureMessages":[]},{"ancestorTitles":["","@atom/Button"],"fullName":" @atom/Button should be full width when fullWidth=true","status":"passed","title":"should be full width when fullWidth=true","duration":64,"failureMessages":[]},{"ancestorTitles":["","@atom/Button"],"fullName":" @atom/Button should be auto width when fullWidth=false","status":"passed","title":"should be auto width when fullWidth=false","duration":14,"failureMessages":[]}],"startTime":1719592547985,"endTime":1719592548139,"status":"passed","message":"","name":"D:/workspaces/javascript/react/connectlab/connectlab/src/components/atoms/Button/Button.test.jsx"},{"assertionResults":[{"ancestorTitles":["","@atom/ButtonGroup"],"fullName":" @atom/ButtonGroup should render with children","status":"passed","title":"should render with children","duration":64,"failureMessages":[]},{"ancestorTitles":["","@atom/ButtonGroup"],"fullName":" @atom/ButtonGroup should match snapshot","status":"passed","title":"should match snapshot","duration":14,"failureMessages":[]}],"startTime":1719592551197,"endTime":1719592551275,"status":"passed","message":"","name":"D:/workspaces/javascript/react/connectlab/connectlab/src/components/atoms/Button/ButtonGroup.test.jsx"},{"assertionResults":[{"ancestorTitles":["","@atom/Icon"],"fullName":" @atom/Icon should render icon properly","status":"passed","title":"should render icon properly","duration":63,"failureMessages":[]},{"ancestorTitles":["","@atom/Icon"],"fullName":" @atom/Icon should match color property","status":"passed","title":"should match color property","duration":61,"failureMessages":[]},{"ancestorTitles":["","@atom/Icon"],"fullName":" @atom/Icon should match size property","status":"passed","title":"should match size property","duration":15,"failureMessages":[]},{"ancestorTitles":["","@atom/Icon"],"fullName":" @atom/Icon should inherit size when no size is specified","status":"passed","title":"should inherit size when no size is specified","duration":12,"failureMessages":[]},{"ancestorTitles":["","@atom/Icon"],"fullName":" @atom/Icon should match name properly","status":"passed","title":"should match name properly","duration":9,"failureMessages":[]},{"ancestorTitles":["","@atom/Icon"],"fullName":" @atom/Icon should render with question_mark if no name is provided","status":"passed","title":"should render with question_mark if no name is provided","duration":6,"failureMessages":[]}],"startTime":1719592547983,"endTime":1719592548149,"status":"passed","message":"","name":"D:/workspaces/javascript/react/connectlab/connectlab/src/components/atoms/Icon/Icon.test.jsx"},{"assertionResults":[{"ancestorTitles":["","@atom/Image"],"fullName":" @atom/Image should render an img tag","status":"passed","title":"should render an img tag","duration":54,"failureMessages":[]},{"ancestorTitles":["","@atom/Image"],"fullName":" @atom/Image should receive src and alt props","status":"passed","title":"should receive src and alt props","duration":8,"failureMessages":[]}],"startTime":1719592551295,"endTime":1719592551357,"status":"passed","message":"","name":"D:/workspaces/javascript/react/connectlab/connectlab/src/components/atoms/Image/Image.test.jsx"},{"assertionResults":[{"ancestorTitles":["","@atom/Input"],"fullName":" @atom/Input should render a text input tag","status":"passed","title":"should render a text input tag","duration":138,"failureMessages":[]},{"ancestorTitles":["","@atom/Input"],"fullName":" @atom/Input should render with default styles when hasError=false","status":"passed","title":"should render with default styles when hasError=false","duration":33,"failureMessages":[]},{"ancestorTitles":["","@atom/Input"],"fullName":" @atom/Input should render an error input when hasError=true","status":"passed","title":"should render an error input when hasError=true","duration":37,"failureMessages":[]},{"ancestorTitles":["","@atom/Input"],"fullName":" @atom/Input should receive onChange prop correctly","status":"passed","title":"should receive onChange prop correctly","duration":262,"failureMessages":[]},{"ancestorTitles":["","@atom/Input"],"fullName":" @atom/Input should receive value prop correctly","status":"passed","title":"should receive value prop correctly","duration":60,"failureMessages":[]},{"ancestorTitles":["","@atom/Input"],"fullName":" @atom/Input should receive type prop correctly","status":"passed","title":"should receive type prop correctly","duration":27,"failureMessages":[]}],"startTime":1719592547984,"endTime":1719592548542,"status":"passed","message":"","name":"D:/workspaces/javascript/react/connectlab/connectlab/src/components/atoms/Input/Input.test.jsx"},{"assertionResults":[{"ancestorTitles":["","@atom/Label"],"fullName":" @atom/Label should render a label tag and its children","status":"passed","title":"should render a label tag and its children","duration":71,"failureMessages":[]},{"ancestorTitles":["","@atom/Label"],"fullName":" @atom/Label should render a label with htmlFor property","status":"passed","title":"should render a label with htmlFor property","duration":10,"failureMessages":[]},{"ancestorTitles":["","@atom/Label"],"fullName":" @atom/Label should match color property","status":"passed","title":"should match color property","duration":66,"failureMessages":[]},{"ancestorTitles":["","@atom/Label"],"fullName":" @atom/Label should render with default styles when hasError=false","status":"passed","title":"should render with default styles when hasError=false","duration":16,"failureMessages":[]},{"ancestorTitles":["","@atom/Label"],"fullName":" @atom/Label should render an error input when hasError=true","status":"passed","title":"should render an error input when hasError=true","duration":17,"failureMessages":[]}],"startTime":1719592547984,"endTime":1719592548164,"status":"passed","message":"","name":"D:/workspaces/javascript/react/connectlab/connectlab/src/components/atoms/Label/Label.test.jsx"},{"assertionResults":[{"ancestorTitles":["","@atom/Logo"],"fullName":" @atom/Logo should render an img tag","status":"passed","title":"should render an img tag","duration":53,"failureMessages":[]},{"ancestorTitles":["","@atom/Logo"],"fullName":" @atom/Logo should have a src path","status":"passed","title":"should have a src path","duration":7,"failureMessages":[]},{"ancestorTitles":["","@atom/Logo"],"fullName":" @atom/Logo should have the correct alt text","status":"passed","title":"should have the correct alt text","duration":6,"failureMessages":[]},{"ancestorTitles":["","@atom/Logo"],"fullName":" @atom/Logo should match snapshot","status":"passed","title":"should match snapshot","duration":13,"failureMessages":[]}],"startTime":1719592547906,"endTime":1719592547985,"status":"passed","message":"","name":"D:/workspaces/javascript/react/connectlab/connectlab/src/components/atoms/Logo/Logo.test.jsx"},{"assertionResults":[{"ancestorTitles":["","@atom/Paper"],"fullName":" @atom/Paper should render with children","status":"passed","title":"should render with children","duration":78,"failureMessages":[]},{"ancestorTitles":["","@atom/Paper"],"fullName":" @atom/Paper should match snapshot","status":"passed","title":"should match snapshot","duration":10,"failureMessages":[]}],"startTime":1719592551127,"endTime":1719592551216,"status":"passed","message":"","name":"D:/workspaces/javascript/react/connectlab/connectlab/src/components/atoms/Paper/Paper.test.jsx"},{"assertionResults":[{"ancestorTitles":["","@atom/Pill"],"fullName":" @atom/Pill should render with children","status":"passed","title":"should render with children","duration":58,"failureMessages":[]},{"ancestorTitles":["","@atom/Pill"],"fullName":" @atom/Pill should match snapshot","status":"passed","title":"should match snapshot","duration":19,"failureMessages":[]}],"startTime":1719592551196,"endTime":1719592551273,"status":"passed","message":"","name":"D:/workspaces/javascript/react/connectlab/connectlab/src/components/atoms/Pill/Pill.test.jsx"},{"assertionResults":[{"ancestorTitles":["","@atom/Select"],"fullName":" @atom/Select should render a select tag","status":"passed","title":"should render a select tag","duration":162,"failureMessages":[]},{"ancestorTitles":["","@atom/Select"],"fullName":" @atom/Select should render with default styles when hasError=false","status":"passed","title":"should render with default styles when hasError=false","duration":55,"failureMessages":[]},{"ancestorTitles":["","@atom/Select"],"fullName":" @atom/Select should render an error input when hasError=true","status":"passed","title":"should render an error input when hasError=true","duration":59,"failureMessages":[]},{"ancestorTitles":["","@atom/Select"],"fullName":" @atom/Select should render options","status":"passed","title":"should render options","duration":25,"failureMessages":[]},{"ancestorTitles":["","@atom/Select"],"fullName":" @atom/Select should receive onChange prop correctly","status":"passed","title":"should receive onChange prop correctly","duration":158,"failureMessages":[]}],"startTime":1719592548000,"endTime":1719592548459,"status":"passed","message":"","name":"D:/workspaces/javascript/react/connectlab/connectlab/src/components/atoms/Select/Select.test.jsx"},{"assertionResults":[{"ancestorTitles":["","@atom/Separator"],"fullName":" @atom/Separator should match snapshot","status":"passed","title":"should match snapshot","duration":30,"failureMessages":[]}],"startTime":1719592552672,"endTime":1719592552702,"status":"passed","message":"","name":"D:/workspaces/javascript/react/connectlab/connectlab/src/components/atoms/Separator/Separator.test.jsx"},{"assertionResults":[{"ancestorTitles":["","@atom/Separator"],"fullName":" @atom/Separator should match snapshot","status":"passed","title":"should match snapshot","duration":31,"failureMessages":[]}],"startTime":1719592552527,"endTime":1719592552558,"status":"passed","message":"","name":"D:/workspaces/javascript/react/connectlab/connectlab/src/components/atoms/Spinner/Spinner.test.jsx"},{"assertionResults":[{"ancestorTitles":["","@atom/Input"],"fullName":" @atom/Input should render a checkbox input tag","status":"passed","title":"should render a checkbox input tag","duration":170,"failureMessages":[]},{"ancestorTitles":["","@atom/Input"],"fullName":" @atom/Input should receive onChange prop correctly","status":"passed","title":"should receive onChange prop correctly","duration":120,"failureMessages":[]},{"ancestorTitles":["","@atom/Input"],"fullName":" @atom/Input should receive value prop correctly","status":"passed","title":"should receive value prop correctly","duration":41,"failureMessages":[]}],"startTime":1719592550798,"endTime":1719592551129,"status":"passed","message":"","name":"D:/workspaces/javascript/react/connectlab/connectlab/src/components/atoms/Toggle/Toggle.test.jsx"},{"assertionResults":[{"ancestorTitles":["","formatDate"],"fullName":" formatDate should format date in pt-BR","status":"passed","title":"should format date in pt-BR","duration":121,"failureMessages":[]},{"ancestorTitles":["","formatDate"],"fullName":" formatDate should format date in en-US","status":"passed","title":"should format date in en-US","duration":6,"failureMessages":[]},{"ancestorTitles":["","formatDate"],"fullName":" formatDate should format date in es-ES","status":"passed","title":"should format date in es-ES","duration":3,"failureMessages":[]}],"startTime":1719592550593,"endTime":1719592550723,"status":"passed","message":"","name":"D:/workspaces/javascript/react/connectlab/connectlab/src/i18n/formatters/__tests__/full_date.test.js"},{"assertionResults":[{"ancestorTitles":["","formatTemperature"],"fullName":" formatTemperature should format temperature in celsius","status":"passed","title":"should format temperature in celsius","duration":4,"failureMessages":[]},{"ancestorTitles":["","formatTemperature"],"fullName":" formatTemperature should format temperature in farenheit","status":"passed","title":"should format temperature in farenheit","duration":0,"failureMessages":[]}],"startTime":1719592551284,"endTime":1719592551289,"status":"passed","message":"","name":"D:/workspaces/javascript/react/connectlab/connectlab/src/i18n/formatters/__tests__/temperature.test.js"}]}